<?xml version="1.0" encoding="UTF-8"?>
<testsuite name="sample.atmosphere.SampleAtmosphereApplicationTests" time="0.734" tests="1" errors="0" skipped="0" failures="0">
  <properties>
    <property name="java.runtime.name" value="Java(TM) SE Runtime Environment"/>
    <property name="sun.boot.library.path" value="C:\vobes\devtools\jdk1.8.0_221\jre\bin"/>
    <property name="java.vm.version" value="25.221-b11"/>
    <property name="java.vm.vendor" value="Oracle Corporation"/>
    <property name="maven.multiModuleProjectDirectory" value="C:/learning/jenkins2/jenkins2-spring-boot/spring-boot-samples/spring-boot-sample-atmosphere"/>
    <property name="java.vendor.url" value="http://java.oracle.com/"/>
    <property name="path.separator" value=";"/>
    <property name="guice.disable.misplaced.annotation.check" value="true"/>
    <property name="java.vm.name" value="Java HotSpot(TM) 64-Bit Server VM"/>
    <property name="file.encoding.pkg" value="sun.io"/>
    <property name="user.script" value=""/>
    <property name="user.country" value="US"/>
    <property name="sun.java.launcher" value="SUN_STANDARD"/>
    <property name="sun.os.patch.level" value=""/>
    <property name="java.vm.specification.name" value="Java Virtual Machine Specification"/>
    <property name="user.dir" value="C:\learning\jenkins2\jenkins2-spring-boot\spring-boot-samples\spring-boot-sample-atmosphere"/>
    <property name="java.runtime.version" value="1.8.0_221-b11"/>
    <property name="java.awt.graphicsenv" value="sun.awt.Win32GraphicsEnvironment"/>
    <property name="java.endorsed.dirs" value="C:\vobes\devtools\jdk1.8.0_221\jre\lib\endorsed"/>
    <property name="os.arch" value="amd64"/>
    <property name="java.io.tmpdir" value="C:\Users\siegelhe\AppData\Local\Temp\"/>
    <property name="line.separator" value="&#10;"/>
    <property name="java.vm.specification.vendor" value="Oracle Corporation"/>
    <property name="user.variant" value=""/>
    <property name="os.name" value="Windows 10"/>
    <property name="classworlds.conf" value="C:/Program Files/JetBrains/IntelliJ IDEA 2019.3.4/plugins/maven/lib/maven3/bin/m2.conf"/>
    <property name="sun.jnu.encoding" value="Cp1252"/>
    <property name="java.library.path" value="C:\vobes\devtools\jdk1.8.0_221\bin;C:\WINDOWS\Sun\Java\bin;C:\WINDOWS\system32;C:\WINDOWS;C:\Users\siegelhe\bin;C:\opt\gnu\mingw64\bin;C:\opt\gnu\usr\local\bin;C:\opt\gnu\usr\bin;C:\opt\gnu\usr\bin;C:\opt\gnu\mingw64\bin;C:\opt\gnu\usr\bin;C:\Users\siegelhe\bin;C:\ProgramData\DockerDesktop\version-bin;C:\Program Files\Docker\Docker\Resources\bin;C:\Windows\system32;C:\Windows;C:\Windows\System32\Wbem;C:\Windows\System32\WindowsPowerShell\v1.0;C:\vobes\devtools\jdk1.8.0_221\bin;C:\Program Files\nodejs;%SystemRoot%\system32;%SystemRoot%;%SystemRoot%\System32\Wbem;%SYSTEMROOT%\System32\WindowsPowerShell\v1.0;%SYSTEMROOT%\System32\OpenSSH;C:\Users\siegelhe\AppData\Local\Microsoft\WindowsApps;C:\opt\gnu\cmd;C:\Program Files\JetBrains\IntelliJ IDEA 2019.3.4\plugins\maven\lib\maven3\bin;C:\Users\siegelhe\AppData\Roaming\npm;C:\vobes\devtools\jdk1.8.0_221\bin;C:\opt\gnu\usr\bin\vendor_perl;C:\opt\gnu\usr\bin\core_perl;."/>
    <property name="maven.conf" value="C:/Program Files/JetBrains/IntelliJ IDEA 2019.3.4/plugins/maven/lib/maven3/conf"/>
    <property name="java.specification.name" value="Java Platform API Specification"/>
    <property name="java.class.version" value="52.0"/>
    <property name="sun.management.compiler" value="HotSpot 64-Bit Tiered Compilers"/>
    <property name="os.version" value="10.0"/>
    <property name="library.jansi.path" value="C:/Program Files/JetBrains/IntelliJ IDEA 2019.3.4/plugins/maven/lib/maven3/lib/jansi-native"/>
    <property name="user.home" value="C:\Users\siegelhe"/>
    <property name="user.timezone" value="Europe/Athens"/>
    <property name="java.awt.printerjob" value="sun.awt.windows.WPrinterJob"/>
    <property name="java.specification.version" value="1.8"/>
    <property name="file.encoding" value="Cp1252"/>
    <property name="user.name" value="siegelhe"/>
    <property name="java.class.path" value="C:/Program Files/JetBrains/IntelliJ IDEA 2019.3.4/plugins/maven/lib/maven3/boot/plexus-classworlds-2.6.0.jar"/>
    <property name="java.vm.specification.version" value="1.8"/>
    <property name="sun.arch.data.model" value="64"/>
    <property name="java.home" value="C:\vobes\devtools\jdk1.8.0_221\jre"/>
    <property name="sun.java.command" value="org.codehaus.plexus.classworlds.launcher.Launcher clean package"/>
    <property name="java.specification.vendor" value="Oracle Corporation"/>
    <property name="user.language" value="en"/>
    <property name="awt.toolkit" value="sun.awt.windows.WToolkit"/>
    <property name="java.vm.info" value="mixed mode"/>
    <property name="java.version" value="1.8.0_221"/>
    <property name="java.ext.dirs" value="C:\vobes\devtools\jdk1.8.0_221\jre\lib\ext;C:\WINDOWS\Sun\Java\lib\ext"/>
    <property name="sun.boot.class.path" value="C:\vobes\devtools\jdk1.8.0_221\jre\lib\resources.jar;C:\vobes\devtools\jdk1.8.0_221\jre\lib\rt.jar;C:\vobes\devtools\jdk1.8.0_221\jre\lib\sunrsasign.jar;C:\vobes\devtools\jdk1.8.0_221\jre\lib\jsse.jar;C:\vobes\devtools\jdk1.8.0_221\jre\lib\jce.jar;C:\vobes\devtools\jdk1.8.0_221\jre\lib\charsets.jar;C:\vobes\devtools\jdk1.8.0_221\jre\lib\jfr.jar;C:\vobes\devtools\jdk1.8.0_221\jre\classes"/>
    <property name="java.vendor" value="Oracle Corporation"/>
    <property name="maven.home" value="C:\Program Files\JetBrains\IntelliJ IDEA 2019.3.4\plugins\maven\lib\maven3"/>
    <property name="file.separator" value="\"/>
    <property name="java.vendor.url.bug" value="http://bugreport.sun.com/bugreport/"/>
    <property name="sun.cpu.endian" value="little"/>
    <property name="sun.io.unicode.encoding" value="UnicodeLittle"/>
    <property name="sun.desktop" value="windows"/>
    <property name="sun.cpu.isalist" value="amd64"/>
  </properties>
  <testcase name="chatEndpoint" classname="sample.atmosphere.SampleAtmosphereApplicationTests" time="0.734"/>
</testsuite>